Watching for file changes with StatReloader
Unauthorized: /api/auth/me/
Unauthorized: /api/auth/me/
[28/May/2026 00:56:36] "GET /api/auth/me/ HTTP/1.1" 401 58
[28/May/2026 00:56:36] "GET /api/auth/me/ HTTP/1.1" 401 58
Unauthorized: /api/terminals/cashier-01/cameras/sku/stream-info/
[28/May/2026 00:56:36] "GET /api/terminals/cashier-01/cameras/sku/stream-info/ HTTP/1.1" 401 58
Not Found: /api/checkout/sessions/156/
[28/May/2026 00:56:36] "GET /api/checkout/sessions/156/ HTTP/1.1" 404 56
Unauthorized: /api/terminals/cashier-01/cameras/sku/stream-info/
[28/May/2026 00:56:36] "GET /api/terminals/cashier-01/cameras/sku/stream-info/ HTTP/1.1" 401 58
Not Found: /api/checkout/sessions/156/
[28/May/2026 00:56:36] "GET /api/checkout/sessions/156/ HTTP/1.1" 404 56
Unauthorized: /api/auth/logout/
[28/May/2026 00:56:42] "POST /api/auth/logout/ HTTP/1.1" 401 58
Unauthorized: /api/auth/logout/
[28/May/2026 00:56:44] "POST /api/auth/logout/ HTTP/1.1" 401 58
Unauthorized: /api/auth/me/
Unauthorized: /api/auth/me/
[28/May/2026 00:57:00] "GET /api/auth/me/ HTTP/1.1" 401 58
[28/May/2026 00:57:00] "GET /api/auth/me/ HTTP/1.1" 401 58
[28/May/2026 00:57:03] "POST /api/auth/login/ HTTP/1.1" 200 139
[28/May/2026 00:57:04] "POST /api/checkout/sessions/ HTTP/1.1" 201 313
[28/May/2026 00:57:05] "GET /api/terminals/cashier-01/cameras/sku/stream-info/ HTTP/1.1" 200 98
[28/May/2026 00:57:05] "GET /api/checkout/sessions/156/ HTTP/1.1" 200 313
[28/May/2026 00:57:05] "GET /api/terminals/cashier-01/cameras/sku/stream-info/ HTTP/1.1" 200 98
[28/May/2026 00:57:05] "GET /api/checkout/sessions/156/ HTTP/1.1" 200 313
